<?xml version="1.0" encoding="UTF-8"?>
<testng-results skipped="0" failed="1" ignored="0" total="24" passed="23">
  <reporter-output>
  </reporter-output>
  <suite name="s1" duration-ms="121137" started-at="2020-05-08T04:44:52Z" finished-at="2020-05-08T04:46:53Z">
    <groups>
    </groups>
    <test name="testGraudate" duration-ms="121137" started-at="2020-05-08T04:44:52Z" finished-at="2020-05-08T04:46:53Z">
      <class name="testCase.GraduateSituationTest">
        <test-method status="PASS" signature="openbrowser()[pri:0, instance:testCase.GraduateSituationTest@7e8dcdaa]" name="openbrowser" is-config="true" duration-ms="6577" started-at="2020-05-08T12:45:28Z" finished-at="2020-05-08T12:45:35Z">
          <reporter-output>
          </reporter-output>
        </test-method> <!-- openbrowser -->
        <test-method status="PASS" signature="testGraduateEmploymentSituation()[pri:0, instance:testCase.GraduateSituationTest@7e8dcdaa]" name="testGraduateEmploymentSituation" duration-ms="1248" started-at="2020-05-08T12:45:35Z" finished-at="2020-05-08T12:45:36Z">
          <reporter-output>
          </reporter-output>
        </test-method> <!-- testGraduateEmploymentSituation -->
        <test-method status="PASS" signature="openbrowser()[pri:0, instance:testCase.GraduateSituationTest@7e8dcdaa]" name="openbrowser" is-config="true" duration-ms="3162" started-at="2020-05-08T12:45:36Z" finished-at="2020-05-08T12:45:39Z">
          <reporter-output>
          </reporter-output>
        </test-method> <!-- openbrowser -->
        <test-method status="PASS" signature="testGraduateExamSituation()[pri:0, instance:testCase.GraduateSituationTest@7e8dcdaa]" name="testGraduateExamSituation" duration-ms="815" started-at="2020-05-08T12:45:39Z" finished-at="2020-05-08T12:45:40Z">
          <reporter-output>
          </reporter-output>
        </test-method> <!-- testGraduateExamSituation -->
        <test-method status="PASS" signature="openbrowser()[pri:0, instance:testCase.GraduateSituationTest@7e8dcdaa]" name="openbrowser" is-config="true" duration-ms="3220" started-at="2020-05-08T12:45:40Z" finished-at="2020-05-08T12:45:43Z">
          <reporter-output>
          </reporter-output>
        </test-method> <!-- openbrowser -->
        <test-method status="PASS" signature="testIntoGraduateEmploymentSituation()[pri:0, instance:testCase.GraduateSituationTest@7e8dcdaa]" name="testIntoGraduateEmploymentSituation" duration-ms="152" started-at="2020-05-08T12:45:43Z" finished-at="2020-05-08T12:45:44Z">
          <reporter-output>
          </reporter-output>
        </test-method> <!-- testIntoGraduateEmploymentSituation -->
        <test-method status="PASS" signature="openbrowser()[pri:0, instance:testCase.GraduateSituationTest@7e8dcdaa]" name="openbrowser" is-config="true" duration-ms="3200" started-at="2020-05-08T12:45:44Z" finished-at="2020-05-08T12:45:47Z">
          <reporter-output>
          </reporter-output>
        </test-method> <!-- openbrowser -->
        <test-method status="PASS" signature="testIntoGraduateExamSituation()[pri:0, instance:testCase.GraduateSituationTest@7e8dcdaa]" name="testIntoGraduateExamSituation" duration-ms="184" started-at="2020-05-08T12:45:47Z" finished-at="2020-05-08T12:45:47Z">
          <reporter-output>
          </reporter-output>
        </test-method> <!-- testIntoGraduateExamSituation -->
        <test-method status="PASS" signature="closebrowser()[pri:0, instance:testCase.GraduateSituationTest@7e8dcdaa]" name="closebrowser" is-config="true" duration-ms="3720" started-at="2020-05-08T12:45:47Z" finished-at="2020-05-08T12:45:51Z">
          <reporter-output>
          </reporter-output>
        </test-method> <!-- closebrowser -->
      </class> <!-- testCase.GraduateSituationTest -->
      <class name="testCase.GraudatePracticeSquareTest">
        <test-method status="PASS" signature="openbrowser()[pri:0, instance:testCase.GraudatePracticeSquareTest@5cbe877d]" name="openbrowser" is-config="true" duration-ms="4289" started-at="2020-05-08T12:46:30Z" finished-at="2020-05-08T12:46:34Z">
          <reporter-output>
          </reporter-output>
        </test-method> <!-- openbrowser -->
        <test-method status="PASS" signature="testMessage()[pri:0, instance:testCase.GraudatePracticeSquareTest@5cbe877d]" name="testMessage" duration-ms="1047" started-at="2020-05-08T12:46:34Z" finished-at="2020-05-08T12:46:35Z">
          <reporter-output>
          </reporter-output>
        </test-method> <!-- testMessage -->
        <test-method status="PASS" signature="openbrowser()[pri:0, instance:testCase.GraudatePracticeSquareTest@5cbe877d]" name="openbrowser" is-config="true" duration-ms="3131" started-at="2020-05-08T12:46:35Z" finished-at="2020-05-08T12:46:38Z">
          <reporter-output>
          </reporter-output>
        </test-method> <!-- openbrowser -->
        <test-method status="PASS" signature="testOtherJob()[pri:0, instance:testCase.GraudatePracticeSquareTest@5cbe877d]" name="testOtherJob" duration-ms="532" started-at="2020-05-08T12:46:38Z" finished-at="2020-05-08T12:46:39Z">
          <reporter-output>
          </reporter-output>
        </test-method> <!-- testOtherJob -->
        <test-method status="PASS" signature="openbrowser()[pri:0, instance:testCase.GraudatePracticeSquareTest@5cbe877d]" name="openbrowser" is-config="true" duration-ms="3220" started-at="2020-05-08T12:46:39Z" finished-at="2020-05-08T12:46:42Z">
          <reporter-output>
          </reporter-output>
        </test-method> <!-- openbrowser -->
        <test-method status="PASS" signature="testPage()[pri:0, instance:testCase.GraudatePracticeSquareTest@5cbe877d]" name="testPage" duration-ms="401" started-at="2020-05-08T12:46:42Z" finished-at="2020-05-08T12:46:43Z">
          <reporter-output>
          </reporter-output>
        </test-method> <!-- testPage -->
        <test-method status="PASS" signature="openbrowser()[pri:0, instance:testCase.GraudatePracticeSquareTest@5cbe877d]" name="openbrowser" is-config="true" duration-ms="3160" started-at="2020-05-08T12:46:43Z" finished-at="2020-05-08T12:46:46Z">
          <reporter-output>
          </reporter-output>
        </test-method> <!-- openbrowser -->
        <test-method status="PASS" signature="testPracticeMessage()[pri:0, instance:testCase.GraudatePracticeSquareTest@5cbe877d]" name="testPracticeMessage" duration-ms="451" started-at="2020-05-08T12:46:46Z" finished-at="2020-05-08T12:46:46Z">
          <reporter-output>
          </reporter-output>
        </test-method> <!-- testPracticeMessage -->
        <test-method status="PASS" signature="openbrowser()[pri:0, instance:testCase.GraudatePracticeSquareTest@5cbe877d]" name="openbrowser" is-config="true" duration-ms="3210" started-at="2020-05-08T12:46:46Z" finished-at="2020-05-08T12:46:49Z">
          <reporter-output>
          </reporter-output>
        </test-method> <!-- openbrowser -->
        <test-method status="PASS" signature="testPracticeSquare()[pri:0, instance:testCase.GraudatePracticeSquareTest@5cbe877d]" name="testPracticeSquare" duration-ms="224" started-at="2020-05-08T12:46:49Z" finished-at="2020-05-08T12:46:50Z">
          <reporter-output>
          </reporter-output>
        </test-method> <!-- testPracticeSquare -->
        <test-method status="PASS" signature="closebrowser()[pri:0, instance:testCase.GraudatePracticeSquareTest@5cbe877d]" name="closebrowser" is-config="true" duration-ms="3780" started-at="2020-05-08T12:46:50Z" finished-at="2020-05-08T12:46:53Z">
          <reporter-output>
          </reporter-output>
        </test-method> <!-- closebrowser -->
      </class> <!-- testCase.GraudatePracticeSquareTest -->
      <class name="testCase.GraduateClassroomTest">
        <test-method status="PASS" signature="openbrowser()[pri:0, instance:testCase.GraduateClassroomTest@8c11eee]" name="openbrowser" is-config="true" duration-ms="6014" started-at="2020-05-08T12:44:52Z" finished-at="2020-05-08T12:44:58Z">
          <reporter-output>
          </reporter-output>
        </test-method> <!-- openbrowser -->
        <test-method status="PASS" signature="testComment()[pri:0, instance:testCase.GraduateClassroomTest@8c11eee]" name="testComment" duration-ms="3257" started-at="2020-05-08T12:44:58Z" finished-at="2020-05-08T12:45:02Z">
          <reporter-output>
          </reporter-output>
        </test-method> <!-- testComment -->
        <test-method status="PASS" signature="openbrowser()[pri:0, instance:testCase.GraduateClassroomTest@8c11eee]" name="openbrowser" is-config="true" duration-ms="3430" started-at="2020-05-08T12:45:02Z" finished-at="2020-05-08T12:45:05Z">
          <reporter-output>
          </reporter-output>
        </test-method> <!-- openbrowser -->
        <test-method status="PASS" signature="testGoWtch()[pri:0, instance:testCase.GraduateClassroomTest@8c11eee]" name="testGoWtch" duration-ms="496" started-at="2020-05-08T12:45:05Z" finished-at="2020-05-08T12:45:05Z">
          <reporter-output>
          </reporter-output>
        </test-method> <!-- testGoWtch -->
        <test-method status="PASS" signature="openbrowser()[pri:0, instance:testCase.GraduateClassroomTest@8c11eee]" name="openbrowser" is-config="true" duration-ms="3134" started-at="2020-05-08T12:45:05Z" finished-at="2020-05-08T12:45:09Z">
          <reporter-output>
          </reporter-output>
        </test-method> <!-- openbrowser -->
        <test-method status="PASS" signature="testGraduateClassroom()[pri:0, instance:testCase.GraduateClassroomTest@8c11eee]" name="testGraduateClassroom" duration-ms="150" started-at="2020-05-08T12:45:09Z" finished-at="2020-05-08T12:45:09Z">
          <reporter-output>
          </reporter-output>
        </test-method> <!-- testGraduateClassroom -->
        <test-method status="PASS" signature="openbrowser()[pri:0, instance:testCase.GraduateClassroomTest@8c11eee]" name="openbrowser" is-config="true" duration-ms="3110" started-at="2020-05-08T12:45:09Z" finished-at="2020-05-08T12:45:12Z">
          <reporter-output>
          </reporter-output>
        </test-method> <!-- openbrowser -->
        <test-method status="PASS" signature="testReadComment()[pri:0, instance:testCase.GraduateClassroomTest@8c11eee]" name="testReadComment" duration-ms="757" started-at="2020-05-08T12:45:12Z" finished-at="2020-05-08T12:45:13Z">
          <reporter-output>
          </reporter-output>
        </test-method> <!-- testReadComment -->
        <test-method status="PASS" signature="openbrowser()[pri:0, instance:testCase.GraduateClassroomTest@8c11eee]" name="openbrowser" is-config="true" duration-ms="3127" started-at="2020-05-08T12:45:13Z" finished-at="2020-05-08T12:45:16Z">
          <reporter-output>
          </reporter-output>
        </test-method> <!-- openbrowser -->
        <test-method status="PASS" signature="testReadRecommend()[pri:0, instance:testCase.GraduateClassroomTest@8c11eee]" name="testReadRecommend" duration-ms="636" started-at="2020-05-08T12:45:16Z" finished-at="2020-05-08T12:45:16Z">
          <reporter-output>
          </reporter-output>
        </test-method> <!-- testReadRecommend -->
        <test-method status="PASS" signature="openbrowser()[pri:0, instance:testCase.GraduateClassroomTest@8c11eee]" name="openbrowser" is-config="true" duration-ms="3168" started-at="2020-05-08T12:45:16Z" finished-at="2020-05-08T12:45:20Z">
          <reporter-output>
          </reporter-output>
        </test-method> <!-- openbrowser -->
        <test-method status="FAIL" signature="testRecommendPage()[pri:0, instance:testCase.GraduateClassroomTest@8c11eee]" name="testRecommendPage" duration-ms="950" started-at="2020-05-08T12:45:20Z" finished-at="2020-05-08T12:45:20Z">
          <exception class="java.lang.AssertionError">
            <message>
              <![CDATA[expected [true] but found [false]]]>
            </message>
            <full-stacktrace>
              <![CDATA[java.lang.AssertionError: expected [true] but found [false]
	at org.testng.Assert.fail(Assert.java:93)
	at org.testng.Assert.failNotEquals(Assert.java:512)
	at org.testng.Assert.assertTrue(Assert.java:41)
	at org.testng.Assert.assertTrue(Assert.java:51)
	at testCase.GraduateClassroomTest.testRecommendPage(GraduateClassroomTest.java:76)
	at sun.reflect.NativeMethodAccessorImpl.invoke0(Native Method)
	at sun.reflect.NativeMethodAccessorImpl.invoke(NativeMethodAccessorImpl.java:62)
	at sun.reflect.DelegatingMethodAccessorImpl.invoke(DelegatingMethodAccessorImpl.java:43)
	at java.lang.reflect.Method.invoke(Method.java:498)
	at org.testng.internal.MethodInvocationHelper.invokeMethod(MethodInvocationHelper.java:108)
	at org.testng.internal.Invoker.invokeMethod(Invoker.java:661)
	at org.testng.internal.Invoker.invokeTestMethod(Invoker.java:869)
	at org.testng.internal.Invoker.invokeTestMethods(Invoker.java:1193)
	at org.testng.internal.TestMethodWorker.invokeTestMethods(TestMethodWorker.java:126)
	at org.testng.internal.TestMethodWorker.run(TestMethodWorker.java:109)
	at org.testng.TestRunner.privateRun(TestRunner.java:744)
	at org.testng.TestRunner.run(TestRunner.java:602)
	at org.testng.SuiteRunner.runTest(SuiteRunner.java:380)
	at org.testng.SuiteRunner.runSequentially(SuiteRunner.java:375)
	at org.testng.SuiteRunner.privateRun(SuiteRunner.java:340)
	at org.testng.SuiteRunner.run(SuiteRunner.java:289)
	at org.testng.SuiteRunnerWorker.runSuite(SuiteRunnerWorker.java:52)
	at org.testng.SuiteRunnerWorker.run(SuiteRunnerWorker.java:86)
	at org.testng.TestNG.runSuitesSequentially(TestNG.java:1301)
	at org.testng.TestNG.runSuitesLocally(TestNG.java:1226)
	at org.testng.TestNG.runSuites(TestNG.java:1144)
	at org.testng.TestNG.run(TestNG.java:1115)
	at org.testng.remote.AbstractRemoteTestNG.run(AbstractRemoteTestNG.java:132)
	at org.testng.remote.RemoteTestNG.initAndRun(RemoteTestNG.java:230)
	at org.testng.remote.RemoteTestNG.main(RemoteTestNG.java:76)
]]>
            </full-stacktrace>
          </exception> <!-- java.lang.AssertionError -->
          <reporter-output>
          </reporter-output>
        </test-method> <!-- testRecommendPage -->
        <test-method status="PASS" signature="openbrowser()[pri:0, instance:testCase.GraduateClassroomTest@8c11eee]" name="openbrowser" is-config="true" duration-ms="3265" started-at="2020-05-08T12:45:20Z" finished-at="2020-05-08T12:45:24Z">
          <reporter-output>
          </reporter-output>
        </test-method> <!-- openbrowser -->
        <test-method status="PASS" signature="testVideoStop()[pri:0, instance:testCase.GraduateClassroomTest@8c11eee]" name="testVideoStop" duration-ms="930" started-at="2020-05-08T12:45:24Z" finished-at="2020-05-08T12:45:25Z">
          <reporter-output>
          </reporter-output>
        </test-method> <!-- testVideoStop -->
        <test-method status="PASS" signature="closebrowser()[pri:0, instance:testCase.GraduateClassroomTest@8c11eee]" name="closebrowser" is-config="true" duration-ms="3778" started-at="2020-05-08T12:45:25Z" finished-at="2020-05-08T12:45:28Z">
          <reporter-output>
          </reporter-output>
        </test-method> <!-- closebrowser -->
      </class> <!-- testCase.GraduateClassroomTest -->
      <class name="testCase.GraduateUploadVideoTest">
        <test-method status="PASS" signature="openbrowser()[pri:0, instance:testCase.GraduateUploadVideoTest@681a8b4e]" name="openbrowser" is-config="true" duration-ms="4475" started-at="2020-05-08T12:45:51Z" finished-at="2020-05-08T12:45:55Z">
          <reporter-output>
          </reporter-output>
        </test-method> <!-- openbrowser -->
        <test-method status="PASS" signature="testUploadVideo()[pri:0, instance:testCase.GraduateUploadVideoTest@681a8b4e]" name="testUploadVideo" duration-ms="490" started-at="2020-05-08T12:45:55Z" finished-at="2020-05-08T12:45:56Z">
          <reporter-output>
          </reporter-output>
        </test-method> <!-- testUploadVideo -->
        <test-method status="PASS" signature="openbrowser()[pri:0, instance:testCase.GraduateUploadVideoTest@681a8b4e]" name="openbrowser" is-config="true" duration-ms="3216" started-at="2020-05-08T12:45:56Z" finished-at="2020-05-08T12:45:59Z">
          <reporter-output>
          </reporter-output>
        </test-method> <!-- openbrowser -->
        <test-method status="PASS" signature="testUploadVideoAll()[pri:0, instance:testCase.GraduateUploadVideoTest@681a8b4e]" name="testUploadVideoAll" duration-ms="2776" started-at="2020-05-08T12:45:59Z" finished-at="2020-05-08T12:46:02Z">
          <reporter-output>
          </reporter-output>
        </test-method> <!-- testUploadVideoAll -->
        <test-method status="PASS" signature="openbrowser()[pri:0, instance:testCase.GraduateUploadVideoTest@681a8b4e]" name="openbrowser" is-config="true" duration-ms="3119" started-at="2020-05-08T12:46:02Z" finished-at="2020-05-08T12:46:05Z">
          <reporter-output>
          </reporter-output>
        </test-method> <!-- openbrowser -->
        <test-method status="PASS" signature="testUploadVideoWithoutCover()[pri:0, instance:testCase.GraduateUploadVideoTest@681a8b4e]" name="testUploadVideoWithoutCover" duration-ms="1163" started-at="2020-05-08T12:46:05Z" finished-at="2020-05-08T12:46:06Z">
          <reporter-output>
          </reporter-output>
        </test-method> <!-- testUploadVideoWithoutCover -->
        <test-method status="PASS" signature="openbrowser()[pri:0, instance:testCase.GraduateUploadVideoTest@681a8b4e]" name="openbrowser" is-config="true" duration-ms="3120" started-at="2020-05-08T12:46:06Z" finished-at="2020-05-08T12:46:09Z">
          <reporter-output>
          </reporter-output>
        </test-method> <!-- openbrowser -->
        <test-method status="PASS" signature="testUploadVideoWithoutDescription()[pri:0, instance:testCase.GraduateUploadVideoTest@681a8b4e]" name="testUploadVideoWithoutDescription" duration-ms="1134" started-at="2020-05-08T12:46:09Z" finished-at="2020-05-08T12:46:10Z">
          <reporter-output>
          </reporter-output>
        </test-method> <!-- testUploadVideoWithoutDescription -->
        <test-method status="PASS" signature="openbrowser()[pri:0, instance:testCase.GraduateUploadVideoTest@681a8b4e]" name="openbrowser" is-config="true" duration-ms="3140" started-at="2020-05-08T12:46:10Z" finished-at="2020-05-08T12:46:13Z">
          <reporter-output>
          </reporter-output>
        </test-method> <!-- openbrowser -->
        <test-method status="PASS" signature="testUploadVideoWithoutIntroduction()[pri:0, instance:testCase.GraduateUploadVideoTest@681a8b4e]" name="testUploadVideoWithoutIntroduction" duration-ms="812" started-at="2020-05-08T12:46:13Z" finished-at="2020-05-08T12:46:14Z">
          <reporter-output>
          </reporter-output>
        </test-method> <!-- testUploadVideoWithoutIntroduction -->
        <test-method status="PASS" signature="openbrowser()[pri:0, instance:testCase.GraduateUploadVideoTest@681a8b4e]" name="openbrowser" is-config="true" duration-ms="3140" started-at="2020-05-08T12:46:14Z" finished-at="2020-05-08T12:46:17Z">
          <reporter-output>
          </reporter-output>
        </test-method> <!-- openbrowser -->
        <test-method status="PASS" signature="testUploadVideoWithoutName()[pri:0, instance:testCase.GraduateUploadVideoTest@681a8b4e]" name="testUploadVideoWithoutName" duration-ms="812" started-at="2020-05-08T12:46:17Z" finished-at="2020-05-08T12:46:18Z">
          <reporter-output>
          </reporter-output>
        </test-method> <!-- testUploadVideoWithoutName -->
        <test-method status="PASS" signature="openbrowser()[pri:0, instance:testCase.GraduateUploadVideoTest@681a8b4e]" name="openbrowser" is-config="true" duration-ms="3120" started-at="2020-05-08T12:46:18Z" finished-at="2020-05-08T12:46:21Z">
          <reporter-output>
          </reporter-output>
        </test-method> <!-- openbrowser -->
        <test-method status="PASS" signature="testUploadVideoWithoutType()[pri:0, instance:testCase.GraduateUploadVideoTest@681a8b4e]" name="testUploadVideoWithoutType" duration-ms="973" started-at="2020-05-08T12:46:21Z" finished-at="2020-05-08T12:46:22Z">
          <reporter-output>
          </reporter-output>
        </test-method> <!-- testUploadVideoWithoutType -->
        <test-method status="PASS" signature="openbrowser()[pri:0, instance:testCase.GraduateUploadVideoTest@681a8b4e]" name="openbrowser" is-config="true" duration-ms="3145" started-at="2020-05-08T12:46:22Z" finished-at="2020-05-08T12:46:25Z">
          <reporter-output>
          </reporter-output>
        </test-method> <!-- openbrowser -->
        <test-method status="PASS" signature="testUploadVideoWithoutVideo()[pri:0, instance:testCase.GraduateUploadVideoTest@681a8b4e]" name="testUploadVideoWithoutVideo" duration-ms="754" started-at="2020-05-08T12:46:25Z" finished-at="2020-05-08T12:46:26Z">
          <reporter-output>
          </reporter-output>
        </test-method> <!-- testUploadVideoWithoutVideo -->
        <test-method status="PASS" signature="closebrowser()[pri:0, instance:testCase.GraduateUploadVideoTest@681a8b4e]" name="closebrowser" is-config="true" duration-ms="3750" started-at="2020-05-08T12:46:26Z" finished-at="2020-05-08T12:46:30Z">
          <reporter-output>
          </reporter-output>
        </test-method> <!-- closebrowser -->
      </class> <!-- testCase.GraduateUploadVideoTest -->
    </test> <!-- testGraudate -->
  </suite> <!-- s1 -->
</testng-results>
