<?xml version="1.0" encoding="UTF-8"?>
<!-- Generated by org.testng.reporters.JUnitXMLReporter -->
<testsuite hostname="DESKTOP-72SVT71" ignored="0" name="Default test" tests="7" failures="0" timestamp="08 五月 2020 04:29:40 GMT" time="60.185" errors="0">
  <testcase name="test" time="0.713" classname="testCase.TeacherInforInquiryTest"/>
  <testcase name="testCheckMyTeachingClass" time="3.458" classname="testCase.TeacherInforInquiryTest"/>
  <testcase name="testInforInquiry" time="6.954" classname="testCase.TeacherInforInquiryTest"/>
  <testcase name="testListOfStudent" time="8.323" classname="testCase.TeacherInforInquiryTest"/>
  <testcase name="testMyTeachingClassNext" time="3.539" classname="testCase.TeacherInforInquiryTest"/>
  <testcase name="testMycourse" time="7.22" classname="testCase.TeacherInforInquiryTest"/>
  <testcase name="testViewStudent" time="6.857" classname="testCase.TeacherInforInquiryTest"/>
</testsuite> <!-- Default test -->
