<?xml version="1.0" encoding="UTF-8"?>
<!-- Generated by org.testng.reporters.JUnitXMLReporter -->
<testsuite hostname="DESKTOP-72SVT71" ignored="0" name="Teacher3" tests="5" failures="0" timestamp="05 五月 2020 15:27:39 GMT" time="41.164" errors="0">
  <testcase name="testAchievementClick" time="3.197" classname="testCase.TeacherAchievementInquiryTest"/>
  <testcase name="testCertainAchievement" time="4.301" classname="testCase.TeacherAchievementInquiryTest"/>
  <testcase name="testCheckAchievement" time="3.356" classname="testCase.TeacherAchievementInquiryTest"/>
  <testcase name="testGoPage" time="7.049" classname="testCase.TeacherAchievementInquiryTest"/>
  <testcase name="testNextPage" time="3.262" classname="testCase.TeacherAchievementInquiryTest"/>
</testsuite> <!-- Teacher3 -->
