<?xml version="1.0" encoding="UTF-8"?>
<!-- Generated by org.testng.reporters.JUnitXMLReporter -->
<testsuite hostname="DESKTOP-72SVT71" ignored="0" name="Teacher5" tests="3" failures="0" timestamp="05 五月 2020 15:29:41 GMT" time="25.179" errors="0">
  <testcase name="testChangeMessage" time="4.925" classname="testCase.TeacherPersonalCenterTest"/>
  <testcase name="testChangePassword" time="3.554" classname="testCase.TeacherPersonalCenterTest"/>
  <testcase name="testIntoChangePassword" time="3.122" classname="testCase.TeacherPersonalCenterTest"/>
</testsuite> <!-- Teacher5 -->
