<?xml version="1.0" encoding="UTF-8"?>
<!-- Generated by org.testng.reporters.JUnitXMLReporter -->
<testsuite hostname="DESKTOP-72SVT71" ignored="0" name="Teacher1" tests="8" failures="0" timestamp="05 五月 2020 15:25:56 GMT" time="71.042" errors="0">
  <testcase name="testAllChange" time="6.933" classname="testCase.ChangeClassTest"/>
  <testcase name="testClass" time="3.568" classname="testCase.ChangeClassTest"/>
  <testcase name="testNextPage" time="3.246" classname="testCase.ChangeClassTest"/>
  <testcase name="testNoneChange" time="5.256" classname="testCase.ChangeClassTest"/>
  <testcase name="testRoomChange" time="6.14" classname="testCase.ChangeClassTest"/>
  <testcase name="testSubmit" time="4.967" classname="testCase.ChangeClassTest"/>
  <testcase name="testTimeChange" time="5.553" classname="testCase.ChangeClassTest"/>
  <testcase name="testWeek" time="3.17" classname="testCase.ChangeClassTest"/>
</testsuite> <!-- Teacher1 -->
