<?xml version="1.0" encoding="UTF-8"?>
<!-- Generated by org.testng.reporters.JUnitXMLReporter -->
<testsuite hostname="DESKTOP-72SVT71" ignored="0" name="Teacher2" tests="7" failures="0" timestamp="05 五月 2020 15:26:58 GMT" time="62.359" errors="0">
  <testcase name="test" time="0.555" classname="testCase.TeacherInforInquiryTest"/>
  <testcase name="testCheckMyTeachingClass" time="3.432" classname="testCase.TeacherInforInquiryTest"/>
  <testcase name="testInforInquiry" time="6.39" classname="testCase.TeacherInforInquiryTest"/>
  <testcase name="testListOfStudent" time="7.541" classname="testCase.TeacherInforInquiryTest"/>
  <testcase name="testMyTeachingClassNext" time="3.553" classname="testCase.TeacherInforInquiryTest"/>
  <testcase name="testMycourse" time="7.168" classname="testCase.TeacherInforInquiryTest"/>
  <testcase name="testViewStudent" time="6.678" classname="testCase.TeacherInforInquiryTest"/>
</testsuite> <!-- Teacher2 -->
