<?xml version="1.0" encoding="UTF-8"?>
<!-- Generated by org.testng.reporters.JUnitXMLReporter -->
<testsuite hostname="DESKTOP-72SVT71" ignored="0" name="Teacher4" tests="8" failures="0" timestamp="05 五月 2020 15:29:16 GMT" time="96.435" errors="0">
  <testcase name="testCourseProportion" time="6.794" classname="testCase.TeacherScoreEntryTest"/>
  <testcase name="testGoPage" time="11.154" classname="testCase.TeacherScoreEntryTest"/>
  <testcase name="testMycourse" time="7.48" classname="testCase.TeacherScoreEntryTest"/>
  <testcase name="testNextPage" time="6.527" classname="testCase.TeacherScoreEntryTest"/>
  <testcase name="testOverview" time="6.382" classname="testCase.TeacherScoreEntryTest"/>
  <testcase name="testProportion" time="6.379" classname="testCase.TeacherScoreEntryTest"/>
  <testcase name="testScore" time="12.872" classname="testCase.TeacherScoreEntryTest"/>
  <testcase name="testScorePage" time="9.538" classname="testCase.TeacherScoreEntryTest"/>
</testsuite> <!-- Teacher4 -->
