<?xml version="1.0" encoding="UTF-8"?>
<!-- Generated by org.testng.reporters.JUnitXMLReporter -->
<testsuite hostname="DESKTOP-72SVT71" ignored="0" name="testTeacher" tests="31" failures="0" timestamp="08 五月 2020 04:37:36 GMT" time="297.309" errors="0">
  <testcase name="testAllChange" time="6.552" classname="testCase.ChangeClassTest"/>
  <testcase name="testClass" time="3.606" classname="testCase.ChangeClassTest"/>
  <testcase name="testNextPage" time="3.252" classname="testCase.ChangeClassTest"/>
  <testcase name="testNoneChange" time="5.918" classname="testCase.ChangeClassTest"/>
  <testcase name="testRoomChange" time="4.92" classname="testCase.ChangeClassTest"/>
  <testcase name="testSubmit" time="5.536" classname="testCase.ChangeClassTest"/>
  <testcase name="testTimeChange" time="6.029" classname="testCase.ChangeClassTest"/>
  <testcase name="testWeek" time="3.134" classname="testCase.ChangeClassTest"/>
  <testcase name="test" time="0.674" classname="testCase.TeacherInforInquiryTest"/>
  <testcase name="testCheckMyTeachingClass" time="3.451" classname="testCase.TeacherInforInquiryTest"/>
  <testcase name="testInforInquiry" time="6.456" classname="testCase.TeacherInforInquiryTest"/>
  <testcase name="testListOfStudent" time="7.55" classname="testCase.TeacherInforInquiryTest"/>
  <testcase name="testMyTeachingClassNext" time="3.515" classname="testCase.TeacherInforInquiryTest"/>
  <testcase name="testMycourse" time="7.156" classname="testCase.TeacherInforInquiryTest"/>
  <testcase name="testViewStudent" time="6.664" classname="testCase.TeacherInforInquiryTest"/>
  <testcase name="testAchievementClick" time="3.714" classname="testCase.TeacherAchievementInquiryTest"/>
  <testcase name="testCertainAchievement" time="4.413" classname="testCase.TeacherAchievementInquiryTest"/>
  <testcase name="testCheckAchievement" time="3.186" classname="testCase.TeacherAchievementInquiryTest"/>
  <testcase name="testGoPage" time="6.97" classname="testCase.TeacherAchievementInquiryTest"/>
  <testcase name="testNextPage" time="3.403" classname="testCase.TeacherAchievementInquiryTest"/>
  <testcase name="testCourseProportion" time="8.12" classname="testCase.TeacherScoreEntryTest"/>
  <testcase name="testGoPage" time="9.873" classname="testCase.TeacherScoreEntryTest"/>
  <testcase name="testMycourse" time="7.441" classname="testCase.TeacherScoreEntryTest"/>
  <testcase name="testNextPage" time="6.535" classname="testCase.TeacherScoreEntryTest"/>
  <testcase name="testOverview" time="6.395" classname="testCase.TeacherScoreEntryTest"/>
  <testcase name="testProportion" time="6.438" classname="testCase.TeacherScoreEntryTest"/>
  <testcase name="testScore" time="13.566" classname="testCase.TeacherScoreEntryTest"/>
  <testcase name="testScorePage" time="9.592" classname="testCase.TeacherScoreEntryTest"/>
  <testcase name="testChangeMessage" time="5.027" classname="testCase.TeacherPersonalCenterTest"/>
  <testcase name="testChangePassword" time="3.594" classname="testCase.TeacherPersonalCenterTest"/>
  <testcase name="testIntoChangePassword" time="3.143" classname="testCase.TeacherPersonalCenterTest"/>
</testsuite> <!-- testTeacher -->
