<?xml version="1.0" encoding="UTF-8"?>
<!-- Generated by org.testng.reporters.JUnitXMLReporter -->
<testsuite hostname="DESKTOP-72SVT71" ignored="0" name="testGraudate" tests="24" failures="1" timestamp="08 五月 2020 04:46:55 GMT" time="121.137" errors="0">
  <testcase name="testComment" time="3.257" classname="testCase.GraduateClassroomTest"/>
  <testcase name="testGoWtch" time="0.496" classname="testCase.GraduateClassroomTest"/>
  <testcase name="testGraduateClassroom" time="0.15" classname="testCase.GraduateClassroomTest"/>
  <testcase name="testReadComment" time="0.757" classname="testCase.GraduateClassroomTest"/>
  <testcase name="testReadRecommend" time="0.636" classname="testCase.GraduateClassroomTest"/>
  <testcase name="testRecommendPage" time="0.95" classname="testCase.GraduateClassroomTest">
    <failure type="java.lang.AssertionError" message="expected [true] but found [false]">
      <![CDATA[java.lang.AssertionError: expected [true] but found [false]
	at testCase.GraduateClassroomTest.testRecommendPage(GraduateClassroomTest.java:76)
... Removed 29 stack frames]]>
    </failure>
  </testcase> <!-- testRecommendPage -->
  <testcase name="testVideoStop" time="0.93" classname="testCase.GraduateClassroomTest"/>
  <testcase name="testGraduateEmploymentSituation" time="1.248" classname="testCase.GraduateSituationTest"/>
  <testcase name="testGraduateExamSituation" time="0.815" classname="testCase.GraduateSituationTest"/>
  <testcase name="testIntoGraduateEmploymentSituation" time="0.152" classname="testCase.GraduateSituationTest"/>
  <testcase name="testIntoGraduateExamSituation" time="0.184" classname="testCase.GraduateSituationTest"/>
  <testcase name="testUploadVideo" time="0.49" classname="testCase.GraduateUploadVideoTest"/>
  <testcase name="testUploadVideoAll" time="2.776" classname="testCase.GraduateUploadVideoTest"/>
  <testcase name="testUploadVideoWithoutCover" time="1.163" classname="testCase.GraduateUploadVideoTest"/>
  <testcase name="testUploadVideoWithoutDescription" time="1.134" classname="testCase.GraduateUploadVideoTest"/>
  <testcase name="testUploadVideoWithoutIntroduction" time="0.812" classname="testCase.GraduateUploadVideoTest"/>
  <testcase name="testUploadVideoWithoutName" time="0.812" classname="testCase.GraduateUploadVideoTest"/>
  <testcase name="testUploadVideoWithoutType" time="0.973" classname="testCase.GraduateUploadVideoTest"/>
  <testcase name="testUploadVideoWithoutVideo" time="0.754" classname="testCase.GraduateUploadVideoTest"/>
  <testcase name="testMessage" time="1.047" classname="testCase.GraudatePracticeSquareTest"/>
  <testcase name="testOtherJob" time="0.532" classname="testCase.GraudatePracticeSquareTest"/>
  <testcase name="testPage" time="0.401" classname="testCase.GraudatePracticeSquareTest"/>
  <testcase name="testPracticeMessage" time="0.451" classname="testCase.GraudatePracticeSquareTest"/>
  <testcase name="testPracticeSquare" time="0.224" classname="testCase.GraudatePracticeSquareTest"/>
</testsuite> <!-- testGraudate -->
