<?xml version="1.0" encoding="UTF-8"?>
<!-- Generated by org.testng.reporters.JUnitXMLReporter -->
<testsuite hostname="DESKTOP-72SVT71" ignored="0" name="testStudent" tests="44" failures="0" timestamp="08 五月 2020 03:47:06 GMT" time="347.54" errors="0">
  <testcase name="testEnableCourse" time="5.792" classname="testCase.StudentCourseTest"/>
  <testcase name="testIntoChooseCourse" time="3.408" classname="testCase.StudentCourseTest"/>
  <testcase name="testLogin" time="3.262" classname="testCase.StudentCourseTest"/>
  <testcase name="testNextPage" time="3.612" classname="testCase.StudentCourseTest"/>
  <testcase name="testSelectedCourse" time="3.561" classname="testCase.StudentCourseTest"/>
  <testcase name="testSubmitDirectly" time="3.703" classname="testCase.StudentCourseTest"/>
  <testcase name="testPDF" time="0.746" classname="testCase.StudentQueryScheduleTest"/>
  <testcase name="testQuerySchedule" time="0.142" classname="testCase.StudentQueryScheduleTest"/>
  <testcase name="testQueryScheduleAll" time="1.257" classname="testCase.StudentQueryScheduleTest"/>
  <testcase name="testCheckResults" time="0.317" classname="testCase.StudentCheckResultsTest"/>
  <testcase name="testPDF" time="1.24" classname="testCase.StudentCheckResultsTest"/>
  <testcase name="testQueryScheduleAll" time="0.879" classname="testCase.StudentCheckResultsTest"/>
  <testcase name="testEnquiryClassroom" time="0.772" classname="testCase.StudentEnquiryClassroomTest"/>
  <testcase name="testEnquiryClassroomAll" time="1.961" classname="testCase.StudentEnquiryClassroomTest"/>
  <testcase name="testEnquiryClassroomWithoutNothing" time="0.221" classname="testCase.StudentEnquiryClassroomTest"/>
  <testcase name="testEnquiryClassroomWithoutTime" time="0.774" classname="testCase.StudentEnquiryClassroomTest"/>
  <testcase name="testEnquiryClassroomWithoutWeek" time="0.63" classname="testCase.StudentEnquiryClassroomTest"/>
  <testcase name="testEnquiryClassroomWithoutWeekday" time="0.785" classname="testCase.StudentEnquiryClassroomTest"/>
  <testcase name="testPDF" time="0.191" classname="testCase.StudentEnquiryClassroomTest"/>
  <testcase name="testEvaluate" time="0.116" classname="testCase.StudentEvaluateTest"/>
  <testcase name="testEvaluateTeacher" time="1.422" classname="testCase.StudentEvaluateTest"/>
  <testcase name="testEvaluateTeacherAllTen" time="1.61" classname="testCase.StudentEvaluateTest"/>
  <testcase name="testEvaluateTeacherAllZero" time="1.011" classname="testCase.StudentEvaluateTest"/>
  <testcase name="testEvaluateTeacherJustOne" time="0.909" classname="testCase.StudentEvaluateTest"/>
  <testcase name="testEvaluateTeacherRestOne" time="1.021" classname="testCase.StudentEvaluateTest"/>
  <testcase name="testEvaluateTeacherWithLetter" time="0.65" classname="testCase.StudentEvaluateTest"/>
  <testcase name="testEvaluateTeacherWithSpecificSymbol" time="0.645" classname="testCase.StudentEvaluateTest"/>
  <testcase name="testPersonalCenter" time="4.011" classname="testCase.StudentPersonalCenterTest"/>
  <testcase name="testPhone" time="3.686" classname="testCase.StudentPersonalCenterTest"/>
  <testcase name="testPhoneOverEleven" time="3.646" classname="testCase.StudentPersonalCenterTest"/>
  <testcase name="testPhoneUnderEleven" time="4.966" classname="testCase.StudentPersonalCenterTest"/>
  <testcase name="testPhoneNothing" time="3.835" classname="testCase.StudentPersonalCenterTest"/>
  <testcase name="testPhoneWithSpecificSymbol" time="3.679" classname="testCase.StudentPersonalCenterTest"/>
  <testcase name="testPhoneWithLetter" time="4.128" classname="testCase.StudentPersonalCenterTest"/>
  <testcase name="testIntoChangePassword" time="3.554" classname="testCase.StudentPersonalCenterTest"/>
  <testcase name="testChangePassword" time="4.314" classname="testCase.StudentPersonalCenterTest"/>
  <testcase name="testChangePasswordOverEight" time="3.811" classname="testCase.StudentPersonalCenterTest"/>
  <testcase name="testChangePasswordunderEight" time="3.945" classname="testCase.StudentPersonalCenterTest"/>
  <testcase name="testChangePasswordNothing" time="4.953" classname="testCase.StudentPersonalCenterTest"/>
  <testcase name="testChangePasswordAllNum" time="4.422" classname="testCase.StudentPersonalCenterTest"/>
  <testcase name="testChangePasswordAllLetter" time="3.709" classname="testCase.StudentPersonalCenterTest"/>
  <testcase name="testChangePasswordSpecificSymbol" time="3.711" classname="testCase.StudentPersonalCenterTest"/>
  <testcase name="testChangeOldPasswordReeor" time="3.962" classname="testCase.StudentPersonalCenterTest"/>
  <testcase name="testExit" time="6.367" classname="testCase.StudentPersonalCenterTest"/>
</testsuite> <!-- testStudent -->
