<?xml version="1.0" encoding="UTF-8"?>
<testsuite name="testTeacher"
           tests="8"
           failures="0"
           errors="0"
           skipped="0"
           time="38.947">
  <properties />
  
  
            <testcase name="testSubmit" time="5.536" classname="testCase.ChangeClassTest" />
                <testcase name="testClass" time="3.606" classname="testCase.ChangeClassTest" />
                <testcase name="testRoomChange" time="4.920" classname="testCase.ChangeClassTest" />
                <testcase name="testNextPage" time="3.252" classname="testCase.ChangeClassTest" />
                <testcase name="testTimeChange" time="6.029" classname="testCase.ChangeClassTest" />
                <testcase name="testNoneChange" time="5.918" classname="testCase.ChangeClassTest" />
                <testcase name="testAllChange" time="6.552" classname="testCase.ChangeClassTest" />
                <testcase name="testWeek" time="3.134" classname="testCase.ChangeClassTest" />
      
</testsuite>
